undefined___POST___1721128235115____undefined
undefined___POST___1721128249784____undefined
undefined___POST___1721128250667____undefined
undefined___POST___1721128523912____undefined
undefined___POST___1721128528940____undefined
undefined___POST___1721128533892____undefined
undefined___POST___1721128538896____undefined
undefined___POST___1721128543923____undefined
undefined___POST___1721128548902____undefined
undefined___POST___1721128553886____undefined
undefined___POST___1721128558913____undefined
undefined___POST___1721128563896____undefined
undefined___POST___1721128568896____undefined
undefined___POST___1721128573904____undefined
undefined___POST___1721128578904____undefined
undefined___POST___1721128583933____undefined
undefined___POST___1721128588897____undefined
undefined___POST___1721128593909____undefined
undefined___POST___1721128598897____undefined
undefined___POST___1721128603894____undefined
undefined___POST___1721128608897____undefined
undefined___POST___1721128613894____undefined
undefined___POST___1721129480689____[object Object]
undefined___POST___1721129503960____[object Object]
undefined___POST___1721129505115____[object Object]
undefined___post___Tue Jul 16 2024 16:40:15 GMT+0500 (Uzbekistan Standard Time)____"client_id=market-client-app&grant_type=password&client_secret=WBylbk7BUi24DkUlxvRX2ondOCKjL8CQ&username=premiumpay&password=Premiumpay2024%40"
undefined___post___Tue Jul 16 2024 16:40:20 GMT+0500 (Uzbekistan Standard Time)____"client_id=market-client-app&grant_type=password&client_secret=WBylbk7BUi24DkUlxvRX2ondOCKjL8CQ&username=premiumpay&password=Premiumpay2024%40"
undefined___post___Tue Jul 16 2024 16:40:25 GMT+0500 (Uzbekistan Standard Time)____"client_id=market-client-app&grant_type=password&client_secret=WBylbk7BUi24DkUlxvRX2ondOCKjL8CQ&username=premiumpay&password=Premiumpay2024%40"
undefined___post___Tue Jul 16 2024 16:40:30 GMT+0500 (Uzbekistan Standard Time)____"client_id=market-client-app&grant_type=password&client_secret=WBylbk7BUi24DkUlxvRX2ondOCKjL8CQ&username=premiumpay&password=Premiumpay2024%40"
undefined___post___Tue Jul 16 2024 16:40:35 GMT+0500 (Uzbekistan Standard Time)____"client_id=market-client-app&grant_type=password&client_secret=WBylbk7BUi24DkUlxvRX2ondOCKjL8CQ&username=premiumpay&password=Premiumpay2024%40"
undefined___post___Tue Jul 16 2024 16:40:40 GMT+0500 (Uzbekistan Standard Time)____"client_id=market-client-app&grant_type=password&client_secret=WBylbk7BUi24DkUlxvRX2ondOCKjL8CQ&username=premiumpay&password=Premiumpay2024%40"
undefined___post___Tue Jul 16 2024 16:42:47 GMT+0500 (Uzbekistan Standard Time)____"client_id=market-client-app&grant_type=password&client_secret=WBylbk7BUi24DkUlxvRX2ondOCKjL8CQ&username=premiumpay&password=Premiumpay2024%40"
undefined___post___Tue Jul 16 2024 16:44:12 GMT+0500 (Uzbekistan Standard Time)____"client_id=market-client-app&grant_type=password&client_secret=WBylbk7BUi24DkUlxvRX2ondOCKjL8CQ&username=premiumpay&password=Premiumpay2024%40"
undefined___post___Tue Jul 16 2024 16:44:14 GMT+0500 (Uzbekistan Standard Time)____"{\"buyerPinfl\":\"53107005320039\",\"buyerPhone\":\"+998950642827\",\"totalAmount\":50000000,\"contractDate\":\"16.07.2024\"}"
undefined___post___Tue Jul 16 2024 16:45:04 GMT+0500 (Uzbekistan Standard Time)____"client_id=market-client-app&grant_type=password&client_secret=WBylbk7BUi24DkUlxvRX2ondOCKjL8CQ&username=premiumpay&password=Premiumpay2024%40"
undefined___post___Tue Jul 16 2024 16:45:09 GMT+0500 (Uzbekistan Standard Time)____"client_id=market-client-app&grant_type=password&client_secret=WBylbk7BUi24DkUlxvRX2ondOCKjL8CQ&username=premiumpay&password=Premiumpay2024%40"
undefined___post___Tue Jul 16 2024 16:45:14 GMT+0500 (Uzbekistan Standard Time)____"client_id=market-client-app&grant_type=password&client_secret=WBylbk7BUi24DkUlxvRX2ondOCKjL8CQ&username=premiumpay&password=Premiumpay2024%40"
undefined___post___Tue Jul 16 2024 16:45:19 GMT+0500 (Uzbekistan Standard Time)____"client_id=market-client-app&grant_type=password&client_secret=WBylbk7BUi24DkUlxvRX2ondOCKjL8CQ&username=premiumpay&password=Premiumpay2024%40"
undefined___post___Tue Jul 16 2024 16:45:24 GMT+0500 (Uzbekistan Standard Time)____"client_id=market-client-app&grant_type=password&client_secret=WBylbk7BUi24DkUlxvRX2ondOCKjL8CQ&username=premiumpay&password=Premiumpay2024%40"
undefined___post___Tue Jul 16 2024 16:45:29 GMT+0500 (Uzbekistan Standard Time)____"client_id=market-client-app&grant_type=password&client_secret=WBylbk7BUi24DkUlxvRX2ondOCKjL8CQ&username=premiumpay&password=Premiumpay2024%40"
undefined___post___Tue Jul 16 2024 16:45:34 GMT+0500 (Uzbekistan Standard Time)____"client_id=market-client-app&grant_type=password&client_secret=WBylbk7BUi24DkUlxvRX2ondOCKjL8CQ&username=premiumpay&password=Premiumpay2024%40"
undefined___post___Tue Jul 16 2024 18:40:52 GMT+0500 (Uzbekistan Standard Time)____"client_id=market-client-app&grant_type=password&client_secret=WBylbk7BUi24DkUlxvRX2ondOCKjL8CQ&username=premiumpay&password=Premiumpay2024%40"
undefined___post___Tue Jul 16 2024 18:41:05 GMT+0500 (Uzbekistan Standard Time)____"client_id=market-client-app&grant_type=password&client_secret=WBylbk7BUi24DkUlxvRX2ondOCKjL8CQ&username=premiumpay&password=Premiumpay2024%40"
undefined___post___Tue Jul 16 2024 18:41:06 GMT+0500 (Uzbekistan Standard Time)____"{\"buyerPinfl\":\"53107005320039\",\"buyerPhone\":\"+998950642827\",\"totalAmount\":50000000,\"contractDate\":\"16.07.2024\"}"
undefined___post___Tue Jul 16 2024 18:41:46 GMT+0500 (Uzbekistan Standard Time)____"client_id=market-client-app&grant_type=password&client_secret=WBylbk7BUi24DkUlxvRX2ondOCKjL8CQ&username=premiumpay&password=Premiumpay2024%40"
undefined___post___Tue Jul 16 2024 18:41:47 GMT+0500 (Uzbekistan Standard Time)____"{\"contractId\":\"11151\"}"
undefined___post___Tue Jul 16 2024 18:41:51 GMT+0500 (Uzbekistan Standard Time)____"client_id=market-client-app&grant_type=password&client_secret=WBylbk7BUi24DkUlxvRX2ondOCKjL8CQ&username=premiumpay&password=Premiumpay2024%40"
undefined___post___Tue Jul 16 2024 18:41:51 GMT+0500 (Uzbekistan Standard Time)____"{\"contractId\":\"11151\"}"
undefined___post___Tue Jul 16 2024 18:43:18 GMT+0500 (Uzbekistan Standard Time)____"client_id=market-client-app&grant_type=password&client_secret=WBylbk7BUi24DkUlxvRX2ondOCKjL8CQ&username=premiumpay&password=Premiumpay2024%40"
undefined___post___Tue Jul 16 2024 18:45:30 GMT+0500 (Uzbekistan Standard Time)____"client_id=market-client-app&grant_type=password&client_secret=WBylbk7BUi24DkUlxvRX2ondOCKjL8CQ&username=premiumpay&password=Premiumpay2024%40"
undefined___post___Tue Jul 16 2024 18:55:24 GMT+0500 (Uzbekistan Standard Time)____"client_id=market-client-app&grant_type=password&client_secret=WBylbk7BUi24DkUlxvRX2ondOCKjL8CQ&username=premiumpay&password=Premiumpay2024%40"
undefined___post___Tue Jul 16 2024 18:55:28 GMT+0500 (Uzbekistan Standard Time)____"client_id=market-client-app&grant_type=password&client_secret=WBylbk7BUi24DkUlxvRX2ondOCKjL8CQ&username=premiumpay&password=Premiumpay2024%40"
undefined___post___Tue Jul 16 2024 19:54:27 GMT+0500 (Uzbekistan Standard Time)____"client_id=market-client-app&grant_type=password&client_secret=WBylbk7BUi24DkUlxvRX2ondOCKjL8CQ&username=premiumpay&password=Premiumpay2024%40"
undefined___post___Tue Jul 16 2024 20:31:24 GMT+0500 (Uzbekistan Standard Time)____"client_id=market-client-app&grant_type=password&client_secret=WBylbk7BUi24DkUlxvRX2ondOCKjL8CQ&username=premiumpay&password=Premiumpay2024%40"
undefined___post___Tue Jul 16 2024 20:31:42 GMT+0500 (Uzbekistan Standard Time)____"client_id=market-client-app&grant_type=password&client_secret=WBylbk7BUi24DkUlxvRX2ondOCKjL8CQ&username=premiumpay&password=Premiumpay2024%40"
undefined___post___Tue Jul 16 2024 20:31:44 GMT+0500 (Uzbekistan Standard Time)____"{\"buyerPinfl\":\"53107005320039\",\"buyerPhone\":\"+998950642827\",\"totalAmount\":50000000,\"contractDate\":\"16.07.2024\"}"
undefined___post___Tue Jul 16 2024 20:32:29 GMT+0500 (Uzbekistan Standard Time)____"client_id=market-client-app&grant_type=password&client_secret=WBylbk7BUi24DkUlxvRX2ondOCKjL8CQ&username=premiumpay&password=Premiumpay2024%40"
undefined___post___Tue Jul 16 2024 20:32:29 GMT+0500 (Uzbekistan Standard Time)____"{\"contractId\":\"11152\"}"
undefined___post___Tue Jul 16 2024 20:32:34 GMT+0500 (Uzbekistan Standard Time)____"client_id=market-client-app&grant_type=password&client_secret=WBylbk7BUi24DkUlxvRX2ondOCKjL8CQ&username=premiumpay&password=Premiumpay2024%40"
undefined___post___Tue Jul 16 2024 20:32:34 GMT+0500 (Uzbekistan Standard Time)____"{\"contractId\":\"11152\"}"
undefined___post___Tue Jul 16 2024 20:32:39 GMT+0500 (Uzbekistan Standard Time)____"client_id=market-client-app&grant_type=password&client_secret=WBylbk7BUi24DkUlxvRX2ondOCKjL8CQ&username=premiumpay&password=Premiumpay2024%40"
undefined___post___Tue Jul 16 2024 20:32:39 GMT+0500 (Uzbekistan Standard Time)____"{\"contractId\":\"11152\"}"
undefined___post___Tue Jul 16 2024 20:32:44 GMT+0500 (Uzbekistan Standard Time)____"client_id=market-client-app&grant_type=password&client_secret=WBylbk7BUi24DkUlxvRX2ondOCKjL8CQ&username=premiumpay&password=Premiumpay2024%40"
undefined___post___Tue Jul 16 2024 20:32:44 GMT+0500 (Uzbekistan Standard Time)____"{\"contractId\":\"11152\"}"
undefined___post___Tue Jul 16 2024 20:32:49 GMT+0500 (Uzbekistan Standard Time)____"client_id=market-client-app&grant_type=password&client_secret=WBylbk7BUi24DkUlxvRX2ondOCKjL8CQ&username=premiumpay&password=Premiumpay2024%40"
undefined___post___Tue Jul 16 2024 20:32:49 GMT+0500 (Uzbekistan Standard Time)____"{\"contractId\":\"11152\"}"
undefined___post___Tue Jul 16 2024 20:32:54 GMT+0500 (Uzbekistan Standard Time)____"client_id=market-client-app&grant_type=password&client_secret=WBylbk7BUi24DkUlxvRX2ondOCKjL8CQ&username=premiumpay&password=Premiumpay2024%40"
undefined___post___Tue Jul 16 2024 20:32:54 GMT+0500 (Uzbekistan Standard Time)____"{\"contractId\":\"11152\"}"
undefined___post___Tue Jul 16 2024 20:32:59 GMT+0500 (Uzbekistan Standard Time)____"client_id=market-client-app&grant_type=password&client_secret=WBylbk7BUi24DkUlxvRX2ondOCKjL8CQ&username=premiumpay&password=Premiumpay2024%40"
undefined___post___Tue Jul 16 2024 20:32:59 GMT+0500 (Uzbekistan Standard Time)____"{\"contractId\":\"11152\"}"
undefined___post___Tue Jul 16 2024 20:33:04 GMT+0500 (Uzbekistan Standard Time)____"client_id=market-client-app&grant_type=password&client_secret=WBylbk7BUi24DkUlxvRX2ondOCKjL8CQ&username=premiumpay&password=Premiumpay2024%40"
undefined___post___Tue Jul 16 2024 20:33:04 GMT+0500 (Uzbekistan Standard Time)____"{\"contractId\":\"11152\"}"
undefined___post___Tue Jul 16 2024 20:33:09 GMT+0500 (Uzbekistan Standard Time)____"client_id=market-client-app&grant_type=password&client_secret=WBylbk7BUi24DkUlxvRX2ondOCKjL8CQ&username=premiumpay&password=Premiumpay2024%40"
undefined___post___Tue Jul 16 2024 20:33:09 GMT+0500 (Uzbekistan Standard Time)____"{\"contractId\":\"11152\"}"
undefined___post___Tue Jul 16 2024 20:33:14 GMT+0500 (Uzbekistan Standard Time)____"client_id=market-client-app&grant_type=password&client_secret=WBylbk7BUi24DkUlxvRX2ondOCKjL8CQ&username=premiumpay&password=Premiumpay2024%40"
undefined___post___Tue Jul 16 2024 20:33:14 GMT+0500 (Uzbekistan Standard Time)____"{\"contractId\":\"11152\"}"
undefined___post___Tue Jul 16 2024 20:33:19 GMT+0500 (Uzbekistan Standard Time)____"client_id=market-client-app&grant_type=password&client_secret=WBylbk7BUi24DkUlxvRX2ondOCKjL8CQ&username=premiumpay&password=Premiumpay2024%40"
undefined___post___Tue Jul 16 2024 20:33:19 GMT+0500 (Uzbekistan Standard Time)____"{\"contractId\":\"11152\"}"
undefined___post___Tue Jul 16 2024 20:33:24 GMT+0500 (Uzbekistan Standard Time)____"client_id=market-client-app&grant_type=password&client_secret=WBylbk7BUi24DkUlxvRX2ondOCKjL8CQ&username=premiumpay&password=Premiumpay2024%40"
undefined___post___Tue Jul 16 2024 20:33:24 GMT+0500 (Uzbekistan Standard Time)____"{\"contractId\":\"11152\"}"
undefined___post___Tue Jul 16 2024 20:33:29 GMT+0500 (Uzbekistan Standard Time)____"client_id=market-client-app&grant_type=password&client_secret=WBylbk7BUi24DkUlxvRX2ondOCKjL8CQ&username=premiumpay&password=Premiumpay2024%40"
undefined___post___Tue Jul 16 2024 20:33:29 GMT+0500 (Uzbekistan Standard Time)____"{\"contractId\":\"11152\"}"
undefined___post___Tue Jul 16 2024 20:33:34 GMT+0500 (Uzbekistan Standard Time)____"client_id=market-client-app&grant_type=password&client_secret=WBylbk7BUi24DkUlxvRX2ondOCKjL8CQ&username=premiumpay&password=Premiumpay2024%40"
undefined___post___Tue Jul 16 2024 20:33:34 GMT+0500 (Uzbekistan Standard Time)____"{\"contractId\":\"11152\"}"
undefined___post___Tue Jul 16 2024 20:33:39 GMT+0500 (Uzbekistan Standard Time)____"client_id=market-client-app&grant_type=password&client_secret=WBylbk7BUi24DkUlxvRX2ondOCKjL8CQ&username=premiumpay&password=Premiumpay2024%40"
undefined___post___Tue Jul 16 2024 20:33:39 GMT+0500 (Uzbekistan Standard Time)____"{\"contractId\":\"11152\"}"
undefined___post___Tue Jul 16 2024 20:33:44 GMT+0500 (Uzbekistan Standard Time)____"client_id=market-client-app&grant_type=password&client_secret=WBylbk7BUi24DkUlxvRX2ondOCKjL8CQ&username=premiumpay&password=Premiumpay2024%40"
undefined___post___Tue Jul 16 2024 20:33:44 GMT+0500 (Uzbekistan Standard Time)____"{\"contractId\":\"11152\"}"
undefined___post___Tue Jul 16 2024 20:33:49 GMT+0500 (Uzbekistan Standard Time)____"client_id=market-client-app&grant_type=password&client_secret=WBylbk7BUi24DkUlxvRX2ondOCKjL8CQ&username=premiumpay&password=Premiumpay2024%40"
undefined___post___Tue Jul 16 2024 20:33:49 GMT+0500 (Uzbekistan Standard Time)____"{\"contractId\":\"11152\"}"
undefined___post___Tue Jul 16 2024 20:33:54 GMT+0500 (Uzbekistan Standard Time)____"client_id=market-client-app&grant_type=password&client_secret=WBylbk7BUi24DkUlxvRX2ondOCKjL8CQ&username=premiumpay&password=Premiumpay2024%40"
undefined___post___Tue Jul 16 2024 20:33:54 GMT+0500 (Uzbekistan Standard Time)____"{\"contractId\":\"11152\"}"
undefined___post___Tue Jul 16 2024 20:33:59 GMT+0500 (Uzbekistan Standard Time)____"client_id=market-client-app&grant_type=password&client_secret=WBylbk7BUi24DkUlxvRX2ondOCKjL8CQ&username=premiumpay&password=Premiumpay2024%40"
undefined___post___Tue Jul 16 2024 20:33:59 GMT+0500 (Uzbekistan Standard Time)____"{\"contractId\":\"11152\"}"
undefined___post___Tue Jul 16 2024 20:34:00 GMT+0500 (Uzbekistan Standard Time)____"client_id=market-client-app&grant_type=password&client_secret=WBylbk7BUi24DkUlxvRX2ondOCKjL8CQ&username=premiumpay&password=Premiumpay2024%40"
undefined___post___Tue Jul 16 2024 20:34:00 GMT+0500 (Uzbekistan Standard Time)____"{\"recipient\":\"998907165500\",\"content\":\"Hurmatli mijoz sizning muddatli to'lov bo'yicha PremiumPayga yuborilgan so'rovnomangiz rad etildi. Ma'lumot uchun: +998935034000\"}"
undefined___post___Tue Jul 16 2024 20:45:57 GMT+0500 (Uzbekistan Standard Time)____"client_id=market-client-app&grant_type=password&client_secret=WBylbk7BUi24DkUlxvRX2ondOCKjL8CQ&username=premiumpay&password=Premiumpay2024%40"
undefined___post___Tue Jul 16 2024 20:46:10 GMT+0500 (Uzbekistan Standard Time)____"client_id=market-client-app&grant_type=password&client_secret=WBylbk7BUi24DkUlxvRX2ondOCKjL8CQ&username=premiumpay&password=Premiumpay2024%40"
undefined___post___Tue Jul 16 2024 20:46:11 GMT+0500 (Uzbekistan Standard Time)____"{\"buyerPinfl\":\"53107005320039\",\"buyerPhone\":\"+998950642827\",\"totalAmount\":50000000,\"contractDate\":\"16.07.2024\"}"
undefined___post___Tue Jul 16 2024 20:50:22 GMT+0500 (Uzbekistan Standard Time)____"client_id=market-client-app&grant_type=password&client_secret=WBylbk7BUi24DkUlxvRX2ondOCKjL8CQ&username=premiumpay&password=Premiumpay2024%40"
undefined___post___Tue Jul 16 2024 20:50:30 GMT+0500 (Uzbekistan Standard Time)____"client_id=market-client-app&grant_type=password&client_secret=WBylbk7BUi24DkUlxvRX2ondOCKjL8CQ&username=premiumpay&password=Premiumpay2024%40"
undefined___post___Tue Jul 16 2024 20:52:41 GMT+0500 (Uzbekistan Standard Time)____"client_id=market-client-app&grant_type=password&client_secret=WBylbk7BUi24DkUlxvRX2ondOCKjL8CQ&username=premiumpay&password=Premiumpay2024%40"
undefined___post___Tue Jul 16 2024 20:55:03 GMT+0500 (Uzbekistan Standard Time)____"client_id=market-client-app&grant_type=password&client_secret=WBylbk7BUi24DkUlxvRX2ondOCKjL8CQ&username=premiumpay&password=Premiumpay2024%40"
undefined___post___Tue Jul 16 2024 20:55:04 GMT+0500 (Uzbekistan Standard Time)____"{\"contractId\":\"11151\",\"scoringId\":\"1053\",\"amount\":695000,\"goods\":[{\"count\":1,\"name\":\"iphone\",\"price\":695000}]}"
undefined___post___Tue Jul 16 2024 20:55:19 GMT+0500 (Uzbekistan Standard Time)____"client_id=market-client-app&grant_type=password&client_secret=WBylbk7BUi24DkUlxvRX2ondOCKjL8CQ&username=premiumpay&password=Premiumpay2024%40"
undefined___post___Tue Jul 16 2024 20:55:31 GMT+0500 (Uzbekistan Standard Time)____"client_id=market-client-app&grant_type=password&client_secret=WBylbk7BUi24DkUlxvRX2ondOCKjL8CQ&username=premiumpay&password=Premiumpay2024%40"
undefined___post___Tue Jul 16 2024 20:55:32 GMT+0500 (Uzbekistan Standard Time)____"{\"contractId\":\"11151\"}"
undefined___post___Tue Jul 16 2024 20:58:34 GMT+0500 (Uzbekistan Standard Time)____"client_id=market-client-app&grant_type=password&client_secret=WBylbk7BUi24DkUlxvRX2ondOCKjL8CQ&username=premiumpay&password=Premiumpay2024%40"
undefined___post___Tue Jul 16 2024 20:58:35 GMT+0500 (Uzbekistan Standard Time)____"{\"contractId\":\"11151\"}"
undefined___post___Tue Jul 16 2024 20:58:58 GMT+0500 (Uzbekistan Standard Time)____"client_id=market-client-app&grant_type=password&client_secret=WBylbk7BUi24DkUlxvRX2ondOCKjL8CQ&username=premiumpay&password=Premiumpay2024%40"
undefined___post___Tue Jul 16 2024 20:59:00 GMT+0500 (Uzbekistan Standard Time)____"{\"contractId\":\"11151\"}"
undefined___post___Tue Jul 16 2024 21:01:30 GMT+0500 (Uzbekistan Standard Time)____"client_id=market-client-app&grant_type=password&client_secret=WBylbk7BUi24DkUlxvRX2ondOCKjL8CQ&username=premiumpay&password=Premiumpay2024%40"
undefined___post___Tue Jul 16 2024 21:01:32 GMT+0500 (Uzbekistan Standard Time)____"{\"contractId\":\"11151\"}"
undefined___post___Tue Jul 16 2024 21:01:47 GMT+0500 (Uzbekistan Standard Time)____"client_id=market-client-app&grant_type=password&client_secret=WBylbk7BUi24DkUlxvRX2ondOCKjL8CQ&username=premiumpay&password=Premiumpay2024%40"
undefined___post___Tue Jul 16 2024 21:01:48 GMT+0500 (Uzbekistan Standard Time)____"{\"contractId\":\"11151\"}"
undefined___post___Tue Jul 16 2024 21:01:55 GMT+0500 (Uzbekistan Standard Time)____"client_id=market-client-app&grant_type=password&client_secret=WBylbk7BUi24DkUlxvRX2ondOCKjL8CQ&username=premiumpay&password=Premiumpay2024%40"
undefined___post___Tue Jul 16 2024 21:01:56 GMT+0500 (Uzbekistan Standard Time)____"{\"contractId\":\"11151\"}"
undefined___post___Tue Jul 16 2024 21:02:09 GMT+0500 (Uzbekistan Standard Time)____"client_id=market-client-app&grant_type=password&client_secret=WBylbk7BUi24DkUlxvRX2ondOCKjL8CQ&username=premiumpay&password=Premiumpay2024%40"
undefined___post___Tue Jul 16 2024 21:02:10 GMT+0500 (Uzbekistan Standard Time)____"{\"contractId\":\"11151\"}"
undefined___post___Tue Jul 16 2024 21:13:04 GMT+0500 (Uzbekistan Standard Time)____"client_id=market-client-app&grant_type=password&client_secret=WBylbk7BUi24DkUlxvRX2ondOCKjL8CQ&username=premiumpay&password=Premiumpay2024%40"
undefined___post___Tue Jul 16 2024 21:13:06 GMT+0500 (Uzbekistan Standard Time)____"{\"contractId\":\"11151\"}"
